Received: Type:register;Action:Security-127.0.0.1-9999
Received: Type:register;Action:127.0.0.1-6891-Door
Received: Type:register;Action:127.0.0.1-6892-MotionDetector
Received: Type:register;Action:127.0.0.1-6091-KeyChain
Received: Type:currValue;Device:Door;Time:1448820906;Value:Open#1:0:0
Received: Type:currValue;Device:MotionDetector;Time:1448820907;Value:True#1:1:1
Received: Type:currValue;Device:KeyChain;Time:1448820907;Value:True#1:0:1
Received: Type:currValue;Device:MotionDetector;Time:1448820912;Value:True#1:2:2
Received: Type:currValue;Device:KeyChain;Time:1448820912;Value:True#1:1:2
Received: Type:currValue;Device:Door;Time:1448820916;Value:Close#2:2:2
Received: Type:currValue;Device:MotionDetector;Time:1448820917;Value:False#2:3:2
Received: Type:currValue;Device:KeyChain;Time:1448820917;Value:False#2:3:3
Received: Type:currValue;Device:MotionDetector;Time:1448820922;Value:True#2:4:3
Received: Type:currValue;Device:KeyChain;Time:1448820922;Value:True#2:4:4
Received: Type:currValue;Device:Door;Time:1448820926;Value:Open#3:4:4
Received: Type:currValue;Device:MotionDetector;Time:1448820927;Value:True#3:5:4
Received: Type:currValue;Device:KeyChain;Time:1448820927;Value:True#3:5:5
Received: Type:currValue;Device:MotionDetector;Time:1448820932;Value:False#3:6:5
Received: Type:currValue;Device:KeyChain;Time:1448820932;Value:False#3:6:6
Received: Type:currValue;Device:Door;Time:1448820936;Value:Close#4:6:6
Received: Type:currValue;Device:MotionDetector;Time:1448820937;Value:False#4:7:6
Received: Type:currValue;Device:KeyChain;Time:1448820937;Value:False#4:7:7
Received: Type:currValue;Device:Door;Time:1448820941;Value:Open#5:7:7
Received: Type:currValue;Device:MotionDetector;Time:1448820942;Value:False#5:8:7
Received: Type:currValue;Device:KeyChain;Time:1448820942;Value:False#5:8:8
Received: Type:currValue;Device:Door;Time:1448820943;Value:Close#6:8:8
Received: Type:currValue;Device:Door;Time:1448820944;Value:Open#7:8:8
Received: Type:currValue;Device:MotionDetector;Time:1448820948;Value:True#7:9:8
Received: Type:currValue;Device:KeyChain;Time:1448820948;Value:True#7:9:9
Received: Type:currValue;Device:MotionDetector;Time:1448820953;Value:True#7:10:9
Received: Type:currValue;Device:KeyChain;Time:1448820953;Value:True#7:10:10
Received: Type:currValue;Device:Door;Time:1448820954;Value:Close#8:10:10
Received: Type:currValue;Device:MotionDetector;Time:1448820958;Value:False#8:11:10
Received: Type:currValue;Device:KeyChain;Time:1448820958;Value:False#8:11:11
Received: Type:currValue;Device:MotionDetector;Time:1448820963;Value:True#8:12:11
Received: Type:currValue;Device:KeyChain;Time:1448820963;Value:True#8:12:12
Received: Type:currValue;Device:Door;Time:1448820964;Value:Open#9:12:12
Received: Type:currValue;Device:MotionDetector;Time:1448820968;Value:True#9:13:12
Received: Type:currValue;Device:KeyChain;Time:1448820968;Value:True#9:13:13
